<?xml version="1.0" encoding="UTF-8"?>
<testng-results skipped="0" failed="0" ignored="0" total="1" passed="1">
  <reporter-output>
  </reporter-output>
  <suite name="Default suite" duration-ms="111968" started-at="2020-09-29T12:33:20 IST" finished-at="2020-09-29T12:35:12 IST">
    <groups>
    </groups>
    <test name="Default test" duration-ms="111968" started-at="2020-09-29T12:33:20 IST" finished-at="2020-09-29T12:35:12 IST">
      <class name="tests.TestCase">
        <test-method status="PASS" signature="cleanup_Tasks()[pri:0, instance:tests.TestCase@9660f4e]" name="cleanup_Tasks" is-config="true" duration-ms="72" started-at="2020-09-29T12:33:20 IST" finished-at="2020-09-29T12:33:20 IST">
          <reporter-output>
          </reporter-output>
        </test-method> <!-- cleanup_Tasks -->
        <test-method status="PASS" signature="testCase1()[pri:0, instance:tests.TestCase@9660f4e]" name="testCase1" duration-ms="109874" started-at="2020-09-29T12:33:20 IST" finished-at="2020-09-29T12:35:10 IST">
          <reporter-output>
          </reporter-output>
        </test-method> <!-- testCase1 -->
        <test-method status="PASS" signature="close_browsers()[pri:0, instance:tests.TestCase@9660f4e]" name="close_browsers" is-config="true" duration-ms="1944" started-at="2020-09-29T12:35:10 IST" finished-at="2020-09-29T12:35:12 IST">
          <reporter-output>
          </reporter-output>
        </test-method> <!-- close_browsers -->
      </class> <!-- tests.TestCase -->
    </test> <!-- Default test -->
  </suite> <!-- Default suite -->
</testng-results>
